0 info it worked if it ends with ok
1 verbose cli [ 'node', '/usr/local/bin/npm', 'i', 'passport-session', '--save' ]
2 info using npm@1.4.28
3 info using node@v0.10.32
4 warn package.json FullStackBlog@1.0.0 No description
5 warn package.json FullStackBlog@1.0.0 No repository field.
6 warn package.json FullStackBlog@1.0.0 No README data
7 verbose readDependencies using package.json deps
8 verbose cache add [ 'passport-session', null ]
9 verbose cache add name=undefined spec="passport-session" args=["passport-session",null]
10 verbose parsed url { protocol: null,
10 verbose parsed url   slashes: null,
10 verbose parsed url   auth: null,
10 verbose parsed url   host: null,
10 verbose parsed url   port: null,
10 verbose parsed url   hostname: null,
10 verbose parsed url   hash: null,
10 verbose parsed url   search: null,
10 verbose parsed url   query: null,
10 verbose parsed url   pathname: 'passport-session',
10 verbose parsed url   path: 'passport-session',
10 verbose parsed url   href: 'passport-session' }
11 silly lockFile 83c06a3e-passport-session passport-session
12 verbose lock passport-session /Users/danielckesler/.npm/83c06a3e-passport-session.lock
13 silly lockFile 83c06a3e-passport-session passport-session
14 silly lockFile 83c06a3e-passport-session passport-session
15 verbose addNamed [ 'passport-session', '' ]
16 verbose addNamed [ null, '*' ]
17 silly lockFile 6103f692-passport-session passport-session@
18 verbose lock passport-session@ /Users/danielckesler/.npm/6103f692-passport-session.lock
19 silly addNameRange { name: 'passport-session', range: '*', hasData: false }
20 verbose request where is /passport-session
21 verbose request registry https://registry.npmjs.org/
22 verbose request id 777071fa7667a47b
23 verbose url raw /passport-session
24 verbose url resolving [ 'https://registry.npmjs.org/', './passport-session' ]
25 verbose url resolved https://registry.npmjs.org/passport-session
26 verbose request where is https://registry.npmjs.org/passport-session
27 info trying registry request attempt 1 at 19:00:50
28 http GET https://registry.npmjs.org/passport-session
29 http 404 https://registry.npmjs.org/passport-session
30 verbose headers { date: 'Wed, 22 Oct 2014 01:00:51 GMT',
30 verbose headers   server: 'CouchDB/1.5.0 (Erlang OTP/R16B03)',
30 verbose headers   'content-type': 'application/json',
30 verbose headers   'cache-control': 'max-age=0',
30 verbose headers   'content-length': '52',
30 verbose headers   'accept-ranges': 'bytes',
30 verbose headers   via: '1.1 varnish',
30 verbose headers   age: '0',
30 verbose headers   'x-served-by': 'cache-ord1730-ORD',
30 verbose headers   'x-cache': 'MISS',
30 verbose headers   'x-cache-hits': '0',
30 verbose headers   'x-timer': 'S1413939651.871761,VS0,VE31',
30 verbose headers   'keep-alive': 'timeout=10, max=50',
30 verbose headers   connection: 'Keep-Alive' }
31 silly registry.get cb [ 404,
31 silly registry.get   { date: 'Wed, 22 Oct 2014 01:00:51 GMT',
31 silly registry.get     server: 'CouchDB/1.5.0 (Erlang OTP/R16B03)',
31 silly registry.get     'content-type': 'application/json',
31 silly registry.get     'cache-control': 'max-age=0',
31 silly registry.get     'content-length': '52',
31 silly registry.get     'accept-ranges': 'bytes',
31 silly registry.get     via: '1.1 varnish',
31 silly registry.get     age: '0',
31 silly registry.get     'x-served-by': 'cache-ord1730-ORD',
31 silly registry.get     'x-cache': 'MISS',
31 silly registry.get     'x-cache-hits': '0',
31 silly registry.get     'x-timer': 'S1413939651.871761,VS0,VE31',
31 silly registry.get     'keep-alive': 'timeout=10, max=50',
31 silly registry.get     connection: 'Keep-Alive' } ]
32 silly lockFile 6103f692-passport-session passport-session@
33 silly lockFile 6103f692-passport-session passport-session@
34 error 404 404 Not Found: passport-session
34 error 404
34 error 404 'passport-session' is not in the npm registry.
34 error 404 You should bug the author to publish it
34 error 404 It was specified as a dependency of 'FullStackBlog'
34 error 404
34 error 404 Note that you can also install from a
34 error 404 tarball, folder, or http url, or git url.
35 error System Darwin 13.4.0
36 error command "node" "/usr/local/bin/npm" "i" "passport-session" "--save"
37 error cwd /Users/danielckesler/Projects/FullStackBlog
38 error node -v v0.10.32
39 error npm -v 1.4.28
40 error code E404
41 verbose exit [ 1, true ]
